2018-04-03 21:32:10 INFO  Initialize:48 - Started loading webdriver properties
2018-04-03 21:32:10 INFO  Initialize:61 - Loaded webdriver properties
2018-04-03 21:32:10 INFO  Initialize:32 - Started loading element properties
2018-04-03 21:32:10 INFO  Initialize:43 - Loaded element properties
2018-04-03 21:32:10 INFO  Initialize:75 - Found webdriver [chrome]. Launching chrome browser
2018-04-03 21:32:13 INFO  Initialize:84 - Launching demoQA website
2018-04-03 21:32:21 INFO  Initialize:48 - Started loading webdriver properties
2018-04-03 21:32:21 INFO  Initialize:61 - Loaded webdriver properties
2018-04-03 21:32:21 INFO  Initialize:32 - Started loading element properties
2018-04-03 21:32:21 INFO  Initialize:43 - Loaded element properties
2018-04-03 21:32:21 INFO  Initialize:48 - Started loading webdriver properties
2018-04-03 21:32:21 INFO  Initialize:61 - Loaded webdriver properties
2018-04-03 21:32:21 INFO  Initialize:32 - Started loading element properties
2018-04-03 21:32:21 INFO  Initialize:43 - Loaded element properties
2018-04-03 21:32:22 INFO  OpenRegistrationForm:30 - Opened Registration form
2018-04-03 21:32:23 INFO  Initialize:48 - Started loading webdriver properties
2018-04-03 21:32:23 INFO  Initialize:61 - Loaded webdriver properties
2018-04-03 21:32:23 INFO  Initialize:32 - Started loading element properties
2018-04-03 21:32:23 INFO  Initialize:43 - Loaded element properties
2018-04-03 21:32:23 INFO  Initialize:48 - Started loading webdriver properties
2018-04-03 21:32:23 INFO  Initialize:61 - Loaded webdriver properties
2018-04-03 21:32:23 INFO  Initialize:32 - Started loading element properties
2018-04-03 21:32:23 INFO  Initialize:43 - Loaded element properties
2018-04-03 21:32:23 INFO  OpenRegistrationForm:30 - Opened Registration form
2018-04-03 21:32:23 INFO  FillRegistrationFormHelperService:13 - Filling Registration form
2018-04-03 21:32:27 INFO  OpenRegistrationForm:36 - Filled Registration form
2018-04-03 21:32:28 INFO  Initialize:48 - Started loading webdriver properties
2018-04-03 21:32:28 INFO  Initialize:61 - Loaded webdriver properties
2018-04-03 21:32:28 INFO  Initialize:32 - Started loading element properties
2018-04-03 21:32:28 INFO  Initialize:43 - Loaded element properties
2018-04-03 21:32:28 INFO  Initialize:7 - Quitting webdriver
2018-04-03 21:52:06 INFO  Initialize:48 - Started loading webdriver properties
2018-04-03 21:52:06 INFO  Initialize:61 - Loaded webdriver properties
2018-04-03 21:52:06 INFO  Initialize:32 - Started loading element properties
2018-04-03 21:52:06 INFO  Initialize:43 - Loaded element properties
2018-04-03 21:52:06 INFO  Initialize:75 - Found webdriver [chrome]. Launching chrome browser
2018-04-03 21:52:09 INFO  Initialize:84 - Launching demoQA website
2018-04-03 21:52:19 INFO  Initialize:48 - Started loading webdriver properties
2018-04-03 21:52:19 INFO  Initialize:61 - Loaded webdriver properties
2018-04-03 21:52:19 INFO  Initialize:32 - Started loading element properties
2018-04-03 21:52:19 INFO  Initialize:43 - Loaded element properties
2018-04-03 21:52:19 INFO  Initialize:48 - Started loading webdriver properties
2018-04-03 21:52:19 INFO  Initialize:61 - Loaded webdriver properties
2018-04-03 21:52:19 INFO  Initialize:32 - Started loading element properties
2018-04-03 21:52:19 INFO  Initialize:43 - Loaded element properties
2018-04-03 21:52:24 INFO  OpenRegistrationForm:33 - Opened Registration form
2018-04-03 21:52:24 INFO  Initialize:48 - Started loading webdriver properties
2018-04-03 21:52:24 INFO  Initialize:61 - Loaded webdriver properties
2018-04-03 21:52:24 INFO  Initialize:32 - Started loading element properties
2018-04-03 21:52:24 INFO  Initialize:43 - Loaded element properties
2018-04-03 21:52:24 INFO  Initialize:48 - Started loading webdriver properties
2018-04-03 21:52:24 INFO  Initialize:61 - Loaded webdriver properties
2018-04-03 21:52:24 INFO  Initialize:32 - Started loading element properties
2018-04-03 21:52:24 INFO  Initialize:43 - Loaded element properties
2018-04-03 21:52:25 INFO  OpenRegistrationForm:33 - Opened Registration form
2018-04-03 21:52:25 INFO  Initialize:48 - Started loading webdriver properties
2018-04-03 21:52:25 INFO  Initialize:61 - Loaded webdriver properties
2018-04-03 21:52:25 INFO  Initialize:32 - Started loading element properties
2018-04-03 21:52:25 INFO  Initialize:43 - Loaded element properties
2018-04-03 21:52:25 INFO  FillRegistrationFormHelperService:19 - Filling Registration form
2018-04-03 21:52:30 INFO  OpenRegistrationForm:39 - Filled Registration form
2018-04-03 21:52:31 INFO  Initialize:48 - Started loading webdriver properties
2018-04-03 21:52:31 INFO  Initialize:61 - Loaded webdriver properties
2018-04-03 21:52:31 INFO  Initialize:32 - Started loading element properties
2018-04-03 21:52:31 INFO  Initialize:43 - Loaded element properties
2018-04-03 21:52:31 INFO  Initialize:9 - Quitting webdriver
2018-04-10 22:11:43 INFO  Initialize:9 - Quitting webdriver
2018-04-10 22:13:03 INFO  Initialize:9 - Quitting webdriver
2018-04-10 22:14:51 INFO  BaseFixture:38 - Started loading webdriver properties
2018-04-10 22:14:51 INFO  BaseFixture:51 - Loaded webdriver properties
2018-04-10 22:14:51 INFO  BaseFixture:22 - Started loading element properties
2018-04-10 22:14:51 INFO  BaseFixture:33 - Loaded element properties
2018-04-10 22:14:51 INFO  BaseFixture:38 - Started loading webdriver properties
2018-04-10 22:14:51 INFO  BaseFixture:51 - Loaded webdriver properties
2018-04-10 22:14:51 INFO  BaseFixture:22 - Started loading element properties
2018-04-10 22:14:51 INFO  BaseFixture:33 - Loaded element properties
2018-04-10 22:14:51 INFO  BaseFixture:38 - Started loading webdriver properties
2018-04-10 22:14:51 INFO  BaseFixture:51 - Loaded webdriver properties
2018-04-10 22:14:51 INFO  BaseFixture:22 - Started loading element properties
2018-04-10 22:14:51 INFO  BaseFixture:33 - Loaded element properties
2018-04-10 22:14:51 INFO  BaseFixture:38 - Started loading webdriver properties
2018-04-10 22:14:51 INFO  BaseFixture:51 - Loaded webdriver properties
2018-04-10 22:14:51 INFO  BaseFixture:22 - Started loading element properties
2018-04-10 22:14:51 INFO  BaseFixture:33 - Loaded element properties
2018-04-10 22:14:51 INFO  BaseFixture:38 - Started loading webdriver properties
2018-04-10 22:14:51 INFO  BaseFixture:51 - Loaded webdriver properties
2018-04-10 22:14:51 INFO  BaseFixture:22 - Started loading element properties
2018-04-10 22:14:51 INFO  BaseFixture:33 - Loaded element properties
2018-04-10 22:14:51 INFO  BaseFixture:38 - Started loading webdriver properties
2018-04-10 22:14:51 INFO  BaseFixture:51 - Loaded webdriver properties
2018-04-10 22:14:51 INFO  BaseFixture:22 - Started loading element properties
2018-04-10 22:14:51 INFO  BaseFixture:33 - Loaded element properties
2018-04-10 22:14:51 INFO  BaseFixture:9 - Quitting webdriver
2018-04-10 22:16:45 INFO  BaseFixture:38 - Started loading webdriver properties
2018-04-10 22:16:45 INFO  BaseFixture:51 - Loaded webdriver properties
2018-04-10 22:16:45 INFO  BaseFixture:22 - Started loading element properties
2018-04-10 22:16:45 INFO  BaseFixture:33 - Loaded element properties
2018-04-10 22:16:45 INFO  BaseFixture:38 - Started loading webdriver properties
2018-04-10 22:16:45 INFO  BaseFixture:51 - Loaded webdriver properties
2018-04-10 22:16:45 INFO  BaseFixture:22 - Started loading element properties
2018-04-10 22:16:45 INFO  BaseFixture:33 - Loaded element properties
2018-04-10 22:16:45 INFO  BaseFixture:38 - Started loading webdriver properties
2018-04-10 22:16:45 INFO  BaseFixture:51 - Loaded webdriver properties
2018-04-10 22:16:45 INFO  BaseFixture:22 - Started loading element properties
2018-04-10 22:16:45 INFO  BaseFixture:33 - Loaded element properties
2018-04-10 22:16:45 INFO  BaseFixture:38 - Started loading webdriver properties
2018-04-10 22:16:45 INFO  BaseFixture:51 - Loaded webdriver properties
2018-04-10 22:16:45 INFO  BaseFixture:22 - Started loading element properties
2018-04-10 22:16:45 INFO  BaseFixture:33 - Loaded element properties
2018-04-10 22:16:45 INFO  BaseFixture:38 - Started loading webdriver properties
2018-04-10 22:16:45 INFO  BaseFixture:51 - Loaded webdriver properties
2018-04-10 22:16:45 INFO  BaseFixture:22 - Started loading element properties
2018-04-10 22:16:45 INFO  BaseFixture:33 - Loaded element properties
2018-04-10 22:16:45 INFO  BaseFixture:38 - Started loading webdriver properties
2018-04-10 22:16:45 INFO  BaseFixture:51 - Loaded webdriver properties
2018-04-10 22:16:45 INFO  BaseFixture:22 - Started loading element properties
2018-04-10 22:16:45 INFO  BaseFixture:33 - Loaded element properties
2018-04-10 22:16:45 INFO  BaseFixture:9 - Quitting webdriver
2018-04-10 22:17:39 INFO  BaseFixture:38 - Started loading webdriver properties
2018-04-10 22:17:39 INFO  BaseFixture:51 - Loaded webdriver properties
2018-04-10 22:17:39 INFO  BaseFixture:22 - Started loading element properties
2018-04-10 22:17:39 INFO  BaseFixture:33 - Loaded element properties
2018-04-10 22:17:39 INFO  Initialize:34 - Found webdriver [chrome]. Launching chrome browser
2018-04-10 22:17:57 INFO  Initialize:43 - Launching demoQA website
2018-04-10 22:18:07 INFO  BaseFixture:38 - Started loading webdriver properties
2018-04-10 22:18:07 INFO  BaseFixture:51 - Loaded webdriver properties
2018-04-10 22:18:07 INFO  BaseFixture:22 - Started loading element properties
2018-04-10 22:18:07 INFO  BaseFixture:33 - Loaded element properties
2018-04-10 22:18:07 INFO  BaseFixture:38 - Started loading webdriver properties
2018-04-10 22:18:07 INFO  BaseFixture:51 - Loaded webdriver properties
2018-04-10 22:18:07 INFO  BaseFixture:22 - Started loading element properties
2018-04-10 22:18:07 INFO  BaseFixture:33 - Loaded element properties
2018-04-10 22:18:07 INFO  BaseFixture:38 - Started loading webdriver properties
2018-04-10 22:18:07 INFO  BaseFixture:51 - Loaded webdriver properties
2018-04-10 22:18:07 INFO  BaseFixture:22 - Started loading element properties
2018-04-10 22:18:07 INFO  BaseFixture:33 - Loaded element properties
2018-04-10 22:18:07 INFO  BaseFixture:38 - Started loading webdriver properties
2018-04-10 22:18:07 INFO  BaseFixture:51 - Loaded webdriver properties
2018-04-10 22:18:07 INFO  BaseFixture:22 - Started loading element properties
2018-04-10 22:18:07 INFO  BaseFixture:33 - Loaded element properties
2018-04-10 22:18:07 INFO  BaseFixture:38 - Started loading webdriver properties
2018-04-10 22:18:07 INFO  BaseFixture:51 - Loaded webdriver properties
2018-04-10 22:18:07 INFO  BaseFixture:22 - Started loading element properties
2018-04-10 22:18:07 INFO  BaseFixture:33 - Loaded element properties
2018-04-10 22:18:07 INFO  BaseFixture:9 - Quitting webdriver
2018-04-10 22:19:31 INFO  BaseFixture:38 - Started loading webdriver properties
2018-04-10 22:19:31 INFO  BaseFixture:51 - Loaded webdriver properties
2018-04-10 22:19:31 INFO  BaseFixture:22 - Started loading element properties
2018-04-10 22:19:31 INFO  BaseFixture:33 - Loaded element properties
2018-04-10 22:19:31 INFO  Initialize:34 - Found webdriver [chrome]. Launching chrome browser
2018-04-10 22:19:35 INFO  Initialize:43 - Launching demoQA website
2018-04-10 22:19:45 INFO  BaseFixture:38 - Started loading webdriver properties
2018-04-10 22:19:45 INFO  BaseFixture:51 - Loaded webdriver properties
2018-04-10 22:19:45 INFO  BaseFixture:22 - Started loading element properties
2018-04-10 22:19:45 INFO  BaseFixture:33 - Loaded element properties
2018-04-10 22:19:45 INFO  BaseFixture:38 - Started loading webdriver properties
2018-04-10 22:19:45 INFO  BaseFixture:51 - Loaded webdriver properties
2018-04-10 22:19:45 INFO  BaseFixture:22 - Started loading element properties
2018-04-10 22:19:45 INFO  BaseFixture:33 - Loaded element properties
2018-04-10 22:19:45 INFO  BaseFixture:38 - Started loading webdriver properties
2018-04-10 22:19:45 INFO  BaseFixture:51 - Loaded webdriver properties
2018-04-10 22:19:45 INFO  BaseFixture:22 - Started loading element properties
2018-04-10 22:19:45 INFO  BaseFixture:33 - Loaded element properties
2018-04-10 22:19:45 INFO  BaseFixture:38 - Started loading webdriver properties
2018-04-10 22:19:45 INFO  BaseFixture:51 - Loaded webdriver properties
2018-04-10 22:19:45 INFO  BaseFixture:22 - Started loading element properties
2018-04-10 22:19:45 INFO  BaseFixture:33 - Loaded element properties
2018-04-10 22:19:45 INFO  BaseFixture:38 - Started loading webdriver properties
2018-04-10 22:19:45 INFO  BaseFixture:51 - Loaded webdriver properties
2018-04-10 22:19:45 INFO  BaseFixture:22 - Started loading element properties
2018-04-10 22:19:45 INFO  BaseFixture:33 - Loaded element properties
2018-04-10 22:19:45 INFO  BaseFixture:9 - Quitting webdriver
2018-04-10 22:20:42 INFO  BaseFixture:38 - Started loading webdriver properties
2018-04-10 22:20:42 INFO  BaseFixture:51 - Loaded webdriver properties
2018-04-10 22:20:42 INFO  BaseFixture:22 - Started loading element properties
2018-04-10 22:20:42 INFO  BaseFixture:33 - Loaded element properties
2018-04-10 22:20:42 INFO  Initialize:34 - Found webdriver [chrome]. Launching chrome browser
2018-04-10 22:20:46 INFO  Initialize:43 - Launching demoQA website
2018-04-10 22:20:55 INFO  BaseFixture:38 - Started loading webdriver properties
2018-04-10 22:20:55 INFO  BaseFixture:51 - Loaded webdriver properties
2018-04-10 22:20:55 INFO  BaseFixture:22 - Started loading element properties
2018-04-10 22:20:55 INFO  BaseFixture:33 - Loaded element properties
2018-04-10 22:20:55 INFO  BaseFixture:38 - Started loading webdriver properties
2018-04-10 22:20:55 INFO  BaseFixture:51 - Loaded webdriver properties
2018-04-10 22:20:55 INFO  BaseFixture:22 - Started loading element properties
2018-04-10 22:20:55 INFO  BaseFixture:33 - Loaded element properties
2018-04-10 22:20:55 INFO  BaseFixture:38 - Started loading webdriver properties
2018-04-10 22:20:55 INFO  BaseFixture:51 - Loaded webdriver properties
2018-04-10 22:20:55 INFO  BaseFixture:22 - Started loading element properties
2018-04-10 22:20:55 INFO  BaseFixture:33 - Loaded element properties
2018-04-10 22:20:55 INFO  BaseFixture:38 - Started loading webdriver properties
2018-04-10 22:20:55 INFO  BaseFixture:51 - Loaded webdriver properties
2018-04-10 22:20:55 INFO  BaseFixture:22 - Started loading element properties
2018-04-10 22:20:55 INFO  BaseFixture:33 - Loaded element properties
2018-04-10 22:20:55 INFO  BaseFixture:38 - Started loading webdriver properties
2018-04-10 22:20:55 INFO  BaseFixture:51 - Loaded webdriver properties
2018-04-10 22:20:55 INFO  BaseFixture:22 - Started loading element properties
2018-04-10 22:20:55 INFO  BaseFixture:33 - Loaded element properties
2018-04-10 22:20:55 INFO  BaseFixture:9 - Quitting webdriver
2018-04-10 22:25:41 INFO  BaseFixture:38 - Started loading webdriver properties
2018-04-10 22:25:41 INFO  BaseFixture:51 - Loaded webdriver properties
2018-04-10 22:25:41 INFO  BaseFixture:22 - Started loading element properties
2018-04-10 22:25:41 INFO  BaseFixture:33 - Loaded element properties
2018-04-10 22:25:41 INFO  Initialize:34 - Found webdriver [chrome]. Launching chrome browser
2018-04-10 22:25:46 INFO  Initialize:43 - Launching demoQA website
2018-04-10 22:25:55 INFO  BaseFixture:38 - Started loading webdriver properties
2018-04-10 22:25:55 INFO  BaseFixture:51 - Loaded webdriver properties
2018-04-10 22:25:55 INFO  BaseFixture:22 - Started loading element properties
2018-04-10 22:25:55 INFO  BaseFixture:33 - Loaded element properties
2018-04-10 22:25:55 INFO  BaseFixture:38 - Started loading webdriver properties
2018-04-10 22:25:55 INFO  BaseFixture:51 - Loaded webdriver properties
2018-04-10 22:25:55 INFO  BaseFixture:22 - Started loading element properties
2018-04-10 22:25:55 INFO  BaseFixture:33 - Loaded element properties
2018-04-10 22:25:55 INFO  BaseFixture:38 - Started loading webdriver properties
2018-04-10 22:25:55 INFO  BaseFixture:51 - Loaded webdriver properties
2018-04-10 22:25:55 INFO  BaseFixture:22 - Started loading element properties
2018-04-10 22:25:55 INFO  BaseFixture:33 - Loaded element properties
2018-04-10 22:25:55 INFO  BaseFixture:9 - Quitting webdriver
2018-04-10 22:28:28 INFO  BaseFixture:38 - Started loading webdriver properties
2018-04-10 22:28:28 INFO  BaseFixture:51 - Loaded webdriver properties
2018-04-10 22:28:28 INFO  BaseFixture:22 - Started loading element properties
2018-04-10 22:28:28 INFO  BaseFixture:33 - Loaded element properties
2018-04-10 22:28:28 INFO  Initialize:34 - Found webdriver [chrome]. Launching chrome browser
2018-04-10 22:28:33 INFO  Initialize:43 - Launching demoQA website
2018-04-10 22:28:47 INFO  BaseFixture:38 - Started loading webdriver properties
2018-04-10 22:28:47 INFO  BaseFixture:51 - Loaded webdriver properties
2018-04-10 22:28:47 INFO  BaseFixture:22 - Started loading element properties
2018-04-10 22:28:47 INFO  BaseFixture:33 - Loaded element properties
2018-04-10 22:28:47 INFO  BaseFixture:38 - Started loading webdriver properties
2018-04-10 22:28:47 INFO  BaseFixture:51 - Loaded webdriver properties
2018-04-10 22:28:47 INFO  BaseFixture:22 - Started loading element properties
2018-04-10 22:28:47 INFO  BaseFixture:33 - Loaded element properties
2018-04-10 22:28:47 INFO  BaseFixture:38 - Started loading webdriver properties
2018-04-10 22:28:47 INFO  BaseFixture:51 - Loaded webdriver properties
2018-04-10 22:28:47 INFO  BaseFixture:22 - Started loading element properties
2018-04-10 22:28:47 INFO  BaseFixture:33 - Loaded element properties
2018-04-10 22:28:47 INFO  BaseFixture:9 - Quitting webdriver
2018-04-10 22:30:11 INFO  BaseFixture:38 - Started loading webdriver properties
2018-04-10 22:30:11 INFO  BaseFixture:51 - Loaded webdriver properties
2018-04-10 22:30:11 INFO  BaseFixture:22 - Started loading element properties
2018-04-10 22:30:11 INFO  BaseFixture:33 - Loaded element properties
2018-04-10 22:30:11 INFO  Initialize:34 - Found webdriver [chrome]. Launching chrome browser
2018-04-10 22:30:17 INFO  Initialize:43 - Launching demoQA website
2018-04-10 22:30:28 INFO  BaseFixture:38 - Started loading webdriver properties
2018-04-10 22:30:28 INFO  BaseFixture:51 - Loaded webdriver properties
2018-04-10 22:30:28 INFO  BaseFixture:22 - Started loading element properties
2018-04-10 22:30:28 INFO  BaseFixture:33 - Loaded element properties
2018-04-10 22:30:28 INFO  BaseFixture:38 - Started loading webdriver properties
2018-04-10 22:30:28 INFO  BaseFixture:51 - Loaded webdriver properties
2018-04-10 22:30:28 INFO  BaseFixture:22 - Started loading element properties
2018-04-10 22:30:28 INFO  BaseFixture:33 - Loaded element properties
2018-04-10 22:30:28 INFO  BaseFixture:38 - Started loading webdriver properties
2018-04-10 22:30:28 INFO  BaseFixture:51 - Loaded webdriver properties
2018-04-10 22:30:28 INFO  BaseFixture:22 - Started loading element properties
2018-04-10 22:30:28 INFO  BaseFixture:33 - Loaded element properties
2018-04-10 22:30:28 INFO  BaseFixture:9 - Quitting webdriver
2018-04-10 22:36:49 INFO  BaseFixture:38 - Started loading webdriver properties
2018-04-10 22:36:49 INFO  BaseFixture:51 - Loaded webdriver properties
2018-04-10 22:36:49 INFO  BaseFixture:22 - Started loading element properties
2018-04-10 22:36:49 INFO  BaseFixture:33 - Loaded element properties
2018-04-10 22:36:49 INFO  Initialize:34 - Found webdriver [chrome]. Launching chrome browser
2018-04-10 22:36:53 INFO  Initialize:43 - Launching demoQA website
2018-04-10 22:37:06 INFO  BaseFixture:38 - Started loading webdriver properties
2018-04-10 22:37:06 INFO  BaseFixture:51 - Loaded webdriver properties
2018-04-10 22:37:06 INFO  BaseFixture:22 - Started loading element properties
2018-04-10 22:37:06 INFO  BaseFixture:33 - Loaded element properties
2018-04-10 22:37:06 INFO  BaseFixture:38 - Started loading webdriver properties
2018-04-10 22:37:06 INFO  BaseFixture:51 - Loaded webdriver properties
2018-04-10 22:37:06 INFO  BaseFixture:22 - Started loading element properties
2018-04-10 22:37:06 INFO  BaseFixture:33 - Loaded element properties
2018-04-10 22:37:06 INFO  BaseFixture:38 - Started loading webdriver properties
2018-04-10 22:37:06 INFO  BaseFixture:51 - Loaded webdriver properties
2018-04-10 22:37:06 INFO  BaseFixture:22 - Started loading element properties
2018-04-10 22:37:06 INFO  BaseFixture:33 - Loaded element properties
2018-04-10 22:37:06 INFO  BaseFixture:9 - Quitting webdriver
2018-04-19 20:47:36 INFO  BaseFixture:38 - Started loading webdriver properties
2018-04-19 20:47:36 INFO  BaseFixture:51 - Loaded webdriver properties
2018-04-19 20:47:36 INFO  BaseFixture:22 - Started loading element properties
2018-04-19 20:47:36 INFO  BaseFixture:33 - Loaded element properties
2018-04-19 20:47:36 INFO  Initialize:34 - Found webdriver [chrome]. Launching chrome browser
2018-04-19 20:47:49 INFO  Initialize:43 - Launching demoQA website
2018-04-19 20:47:58 INFO  BaseFixture:38 - Started loading webdriver properties
2018-04-19 20:47:58 INFO  BaseFixture:51 - Loaded webdriver properties
2018-04-19 20:47:58 INFO  BaseFixture:22 - Started loading element properties
2018-04-19 20:47:58 INFO  BaseFixture:33 - Loaded element properties
2018-04-19 20:47:58 INFO  BaseFixture:38 - Started loading webdriver properties
2018-04-19 20:47:58 INFO  BaseFixture:51 - Loaded webdriver properties
2018-04-19 20:47:58 INFO  BaseFixture:22 - Started loading element properties
2018-04-19 20:47:58 INFO  BaseFixture:33 - Loaded element properties
2018-04-19 20:47:58 INFO  BaseFixture:38 - Started loading webdriver properties
2018-04-19 20:47:58 INFO  BaseFixture:51 - Loaded webdriver properties
2018-04-19 20:47:58 INFO  BaseFixture:22 - Started loading element properties
2018-04-19 20:47:58 INFO  BaseFixture:33 - Loaded element properties
2018-04-19 20:47:58 INFO  BaseFixture:38 - Started loading webdriver properties
2018-04-19 20:47:58 INFO  BaseFixture:51 - Loaded webdriver properties
2018-04-19 20:47:58 INFO  BaseFixture:22 - Started loading element properties
2018-04-19 20:47:58 INFO  BaseFixture:33 - Loaded element properties
2018-04-19 20:47:58 INFO  BaseFixture:38 - Started loading webdriver properties
2018-04-19 20:47:58 INFO  BaseFixture:51 - Loaded webdriver properties
2018-04-19 20:47:58 INFO  BaseFixture:22 - Started loading element properties
2018-04-19 20:47:58 INFO  BaseFixture:33 - Loaded element properties
2018-04-19 20:47:58 INFO  BaseFixture:9 - Quitting webdriver
2018-04-19 20:48:42 INFO  BaseFixture:38 - Started loading webdriver properties
2018-04-19 20:48:42 INFO  BaseFixture:51 - Loaded webdriver properties
2018-04-19 20:48:42 INFO  BaseFixture:22 - Started loading element properties
2018-04-19 20:48:42 INFO  BaseFixture:33 - Loaded element properties
2018-04-19 20:48:42 INFO  Initialize:34 - Found webdriver [chrome]. Launching chrome browser
2018-04-19 20:48:47 INFO  Initialize:43 - Launching demoQA website
2018-04-19 20:48:58 INFO  BaseFixture:38 - Started loading webdriver properties
2018-04-19 20:48:58 INFO  BaseFixture:51 - Loaded webdriver properties
2018-04-19 20:48:58 INFO  BaseFixture:22 - Started loading element properties
2018-04-19 20:48:58 INFO  BaseFixture:33 - Loaded element properties
2018-04-19 20:48:58 INFO  BaseFixture:38 - Started loading webdriver properties
2018-04-19 20:48:58 INFO  BaseFixture:51 - Loaded webdriver properties
2018-04-19 20:48:58 INFO  BaseFixture:22 - Started loading element properties
2018-04-19 20:48:58 INFO  BaseFixture:33 - Loaded element properties
2018-04-19 20:48:58 INFO  BaseFixture:38 - Started loading webdriver properties
2018-04-19 20:48:58 INFO  BaseFixture:51 - Loaded webdriver properties
2018-04-19 20:48:58 INFO  BaseFixture:22 - Started loading element properties
2018-04-19 20:48:58 INFO  BaseFixture:33 - Loaded element properties
2018-04-19 20:48:58 INFO  BaseFixture:9 - Quitting webdriver
2018-04-19 20:51:30 INFO  BaseFixture:38 - Started loading webdriver properties
2018-04-19 20:51:30 INFO  BaseFixture:51 - Loaded webdriver properties
2018-04-19 20:51:30 INFO  BaseFixture:22 - Started loading element properties
2018-04-19 20:51:30 INFO  BaseFixture:33 - Loaded element properties
2018-04-19 20:51:30 INFO  Initialize:34 - Found webdriver [chrome]. Launching chrome browser
2018-04-19 20:51:34 INFO  Initialize:43 - Launching demoQA website
2018-04-19 20:51:47 INFO  BaseFixture:38 - Started loading webdriver properties
2018-04-19 20:51:47 INFO  BaseFixture:51 - Loaded webdriver properties
2018-04-19 20:51:47 INFO  BaseFixture:22 - Started loading element properties
2018-04-19 20:51:47 INFO  BaseFixture:33 - Loaded element properties
2018-04-19 20:51:47 INFO  BaseFixture:38 - Started loading webdriver properties
2018-04-19 20:51:47 INFO  BaseFixture:51 - Loaded webdriver properties
2018-04-19 20:51:47 INFO  BaseFixture:22 - Started loading element properties
2018-04-19 20:51:47 INFO  BaseFixture:33 - Loaded element properties
2018-04-19 20:51:47 INFO  BaseFixture:38 - Started loading webdriver properties
2018-04-19 20:51:47 INFO  BaseFixture:51 - Loaded webdriver properties
2018-04-19 20:51:47 INFO  BaseFixture:22 - Started loading element properties
2018-04-19 20:51:47 INFO  BaseFixture:33 - Loaded element properties
2018-04-19 20:51:47 INFO  BaseFixture:9 - Quitting webdriver
2018-04-19 20:53:30 INFO  BaseFixture:38 - Started loading webdriver properties
2018-04-19 20:53:30 INFO  BaseFixture:51 - Loaded webdriver properties
2018-04-19 20:53:30 INFO  BaseFixture:22 - Started loading element properties
2018-04-19 20:53:30 INFO  BaseFixture:33 - Loaded element properties
2018-04-19 20:53:30 INFO  Initialize:34 - Found webdriver [chrome]. Launching chrome browser
2018-04-19 20:53:33 INFO  Initialize:43 - Launching demoQA website
2018-04-19 20:53:42 INFO  BaseFixture:38 - Started loading webdriver properties
2018-04-19 20:53:42 INFO  BaseFixture:51 - Loaded webdriver properties
2018-04-19 20:53:42 INFO  BaseFixture:22 - Started loading element properties
2018-04-19 20:53:42 INFO  BaseFixture:33 - Loaded element properties
2018-04-19 20:53:42 INFO  BaseFixture:38 - Started loading webdriver properties
2018-04-19 20:53:42 INFO  BaseFixture:51 - Loaded webdriver properties
2018-04-19 20:53:42 INFO  BaseFixture:22 - Started loading element properties
2018-04-19 20:53:42 INFO  BaseFixture:33 - Loaded element properties
2018-04-19 20:53:42 INFO  BaseFixture:38 - Started loading webdriver properties
2018-04-19 20:53:42 INFO  BaseFixture:51 - Loaded webdriver properties
2018-04-19 20:53:42 INFO  BaseFixture:22 - Started loading element properties
2018-04-19 20:53:42 INFO  BaseFixture:33 - Loaded element properties
2018-04-19 20:53:42 INFO  BaseFixture:9 - Quitting webdriver
2018-04-19 20:57:30 INFO  BaseFixture:38 - Started loading webdriver properties
2018-04-19 20:57:30 INFO  BaseFixture:51 - Loaded webdriver properties
2018-04-19 20:57:30 INFO  BaseFixture:22 - Started loading element properties
2018-04-19 20:57:30 INFO  BaseFixture:33 - Loaded element properties
2018-04-19 20:57:30 INFO  Initialize:34 - Found webdriver [chrome]. Launching chrome browser
2018-04-19 20:57:34 INFO  Initialize:43 - Launching demoQA website
2018-04-19 20:57:46 INFO  BaseFixture:38 - Started loading webdriver properties
2018-04-19 20:57:46 INFO  BaseFixture:51 - Loaded webdriver properties
2018-04-19 20:57:46 INFO  BaseFixture:22 - Started loading element properties
2018-04-19 20:57:46 INFO  BaseFixture:33 - Loaded element properties
2018-04-19 20:57:46 INFO  BaseFixture:38 - Started loading webdriver properties
2018-04-19 20:57:46 INFO  BaseFixture:51 - Loaded webdriver properties
2018-04-19 20:57:46 INFO  BaseFixture:22 - Started loading element properties
2018-04-19 20:57:46 INFO  BaseFixture:33 - Loaded element properties
2018-04-19 20:57:46 INFO  BaseFixture:38 - Started loading webdriver properties
2018-04-19 20:57:46 INFO  BaseFixture:51 - Loaded webdriver properties
2018-04-19 20:57:46 INFO  BaseFixture:22 - Started loading element properties
2018-04-19 20:57:46 INFO  BaseFixture:33 - Loaded element properties
2018-04-19 20:57:46 INFO  BaseFixture:9 - Quitting webdriver
2018-04-19 20:58:31 INFO  BaseFixture:38 - Started loading webdriver properties
2018-04-19 20:58:31 INFO  BaseFixture:51 - Loaded webdriver properties
2018-04-19 20:58:31 INFO  BaseFixture:22 - Started loading element properties
2018-04-19 20:58:31 INFO  BaseFixture:33 - Loaded element properties
2018-04-19 20:58:31 INFO  Initialize:34 - Found webdriver [chrome]. Launching chrome browser
2018-04-19 20:58:39 INFO  Initialize:43 - Launching demoQA website
2018-04-19 20:58:49 INFO  BaseFixture:38 - Started loading webdriver properties
2018-04-19 20:58:49 INFO  BaseFixture:51 - Loaded webdriver properties
2018-04-19 20:58:49 INFO  BaseFixture:22 - Started loading element properties
2018-04-19 20:58:49 INFO  BaseFixture:33 - Loaded element properties
2018-04-19 20:58:49 INFO  BaseFixture:38 - Started loading webdriver properties
2018-04-19 20:58:49 INFO  BaseFixture:51 - Loaded webdriver properties
2018-04-19 20:58:49 INFO  BaseFixture:22 - Started loading element properties
2018-04-19 20:58:49 INFO  BaseFixture:33 - Loaded element properties
2018-04-19 20:58:49 INFO  BaseFixture:38 - Started loading webdriver properties
2018-04-19 20:58:49 INFO  BaseFixture:51 - Loaded webdriver properties
2018-04-19 20:58:49 INFO  BaseFixture:22 - Started loading element properties
2018-04-19 20:58:49 INFO  BaseFixture:33 - Loaded element properties
2018-04-19 20:58:49 INFO  BaseFixture:9 - Quitting webdriver
2018-04-19 20:59:02 INFO  BaseFixture:38 - Started loading webdriver properties
2018-04-19 20:59:02 INFO  BaseFixture:51 - Loaded webdriver properties
2018-04-19 20:59:02 INFO  BaseFixture:22 - Started loading element properties
2018-04-19 20:59:02 INFO  BaseFixture:33 - Loaded element properties
2018-04-19 20:59:02 INFO  Initialize:34 - Found webdriver [chrome]. Launching chrome browser
2018-04-19 20:59:07 INFO  Initialize:43 - Launching demoQA website
2018-04-19 20:59:22 INFO  BaseFixture:38 - Started loading webdriver properties
2018-04-19 20:59:22 INFO  BaseFixture:51 - Loaded webdriver properties
2018-04-19 20:59:22 INFO  BaseFixture:22 - Started loading element properties
2018-04-19 20:59:22 INFO  BaseFixture:33 - Loaded element properties
2018-04-19 20:59:22 INFO  BaseFixture:9 - Quitting webdriver
2018-04-19 21:02:01 INFO  BaseFixture:38 - Started loading webdriver properties
2018-04-19 21:02:01 INFO  BaseFixture:51 - Loaded webdriver properties
2018-04-19 21:02:01 INFO  BaseFixture:22 - Started loading element properties
2018-04-19 21:02:01 INFO  BaseFixture:33 - Loaded element properties
2018-04-19 21:02:01 INFO  Initialize:34 - Found webdriver [chrome]. Launching chrome browser
2018-04-19 21:02:07 INFO  Initialize:43 - Launching demoQA website
2018-04-19 21:02:19 INFO  BaseFixture:38 - Started loading webdriver properties
2018-04-19 21:02:19 INFO  BaseFixture:51 - Loaded webdriver properties
2018-04-19 21:02:19 INFO  BaseFixture:22 - Started loading element properties
2018-04-19 21:02:19 INFO  BaseFixture:33 - Loaded element properties
2018-04-19 21:02:19 INFO  BaseFixture:38 - Started loading webdriver properties
2018-04-19 21:02:19 INFO  BaseFixture:51 - Loaded webdriver properties
2018-04-19 21:02:19 INFO  BaseFixture:22 - Started loading element properties
2018-04-19 21:02:19 INFO  BaseFixture:33 - Loaded element properties
2018-04-19 21:02:19 INFO  BaseFixture:38 - Started loading webdriver properties
2018-04-19 21:02:19 INFO  BaseFixture:51 - Loaded webdriver properties
2018-04-19 21:02:19 INFO  BaseFixture:22 - Started loading element properties
2018-04-19 21:02:19 INFO  BaseFixture:33 - Loaded element properties
2018-04-19 21:02:19 INFO  BaseFixture:9 - Quitting webdriver
2018-04-19 21:14:13 INFO  BaseFixture:38 - Started loading webdriver properties
2018-04-19 21:14:13 INFO  BaseFixture:51 - Loaded webdriver properties
2018-04-19 21:14:13 INFO  BaseFixture:22 - Started loading element properties
2018-04-19 21:14:13 INFO  BaseFixture:33 - Loaded element properties
2018-04-19 21:14:13 INFO  Initialize:34 - Found webdriver [chrome]. Launching chrome browser
2018-04-19 21:14:21 INFO  Initialize:43 - Launching demoQA website
2018-04-19 21:14:32 INFO  BaseFixture:38 - Started loading webdriver properties
2018-04-19 21:14:32 INFO  BaseFixture:51 - Loaded webdriver properties
2018-04-19 21:14:32 INFO  BaseFixture:22 - Started loading element properties
2018-04-19 21:14:32 INFO  BaseFixture:33 - Loaded element properties
2018-04-19 21:14:33 INFO  BaseFixture:38 - Started loading webdriver properties
2018-04-19 21:14:33 INFO  BaseFixture:51 - Loaded webdriver properties
2018-04-19 21:14:33 INFO  BaseFixture:22 - Started loading element properties
2018-04-19 21:14:33 INFO  BaseFixture:33 - Loaded element properties
2018-04-19 21:14:33 INFO  BaseFixture:38 - Started loading webdriver properties
2018-04-19 21:14:33 INFO  BaseFixture:51 - Loaded webdriver properties
2018-04-19 21:14:33 INFO  BaseFixture:22 - Started loading element properties
2018-04-19 21:14:33 INFO  BaseFixture:33 - Loaded element properties
2018-04-19 21:14:33 INFO  BaseFixture:9 - Quitting webdriver
2018-04-19 21:15:52 INFO  BaseFixture:38 - Started loading webdriver properties
2018-04-19 21:15:52 INFO  BaseFixture:51 - Loaded webdriver properties
2018-04-19 21:15:52 INFO  BaseFixture:22 - Started loading element properties
2018-04-19 21:15:52 INFO  BaseFixture:33 - Loaded element properties
2018-04-19 21:15:52 INFO  Initialize:34 - Found webdriver [chrome]. Launching chrome browser
2018-04-19 21:15:59 INFO  Initialize:43 - Launching demoQA website
2018-04-19 21:16:14 INFO  Initialize:34 - Found webdriver [chrome]. Launching chrome browser
2018-04-19 21:16:19 INFO  Initialize:43 - Launching demoQA website
2018-04-19 21:16:24 INFO  BaseFixture:38 - Started loading webdriver properties
2018-04-19 21:16:24 INFO  BaseFixture:51 - Loaded webdriver properties
2018-04-19 21:16:24 INFO  BaseFixture:22 - Started loading element properties
2018-04-19 21:16:24 INFO  BaseFixture:33 - Loaded element properties
2018-04-19 21:16:24 INFO  BaseFixture:38 - Started loading webdriver properties
2018-04-19 21:16:24 INFO  BaseFixture:51 - Loaded webdriver properties
2018-04-19 21:16:24 INFO  BaseFixture:22 - Started loading element properties
2018-04-19 21:16:24 INFO  BaseFixture:33 - Loaded element properties
2018-04-19 21:16:25 INFO  BaseFixture:38 - Started loading webdriver properties
2018-04-19 21:16:25 INFO  BaseFixture:51 - Loaded webdriver properties
2018-04-19 21:16:25 INFO  BaseFixture:22 - Started loading element properties
2018-04-19 21:16:25 INFO  BaseFixture:33 - Loaded element properties
2018-04-19 21:16:25 INFO  BaseFixture:9 - Quitting webdriver
2018-04-19 21:17:48 INFO  BaseFixture:38 - Started loading webdriver properties
2018-04-19 21:17:48 INFO  BaseFixture:51 - Loaded webdriver properties
2018-04-19 21:17:48 INFO  BaseFixture:22 - Started loading element properties
2018-04-19 21:17:48 INFO  BaseFixture:33 - Loaded element properties
2018-04-19 21:17:48 INFO  Initialize:34 - Found webdriver [chrome]. Launching chrome browser
2018-04-19 21:17:52 INFO  Initialize:43 - Launching demoQA website
2018-04-19 21:18:03 INFO  BaseFixture:38 - Started loading webdriver properties
2018-04-19 21:18:03 INFO  BaseFixture:51 - Loaded webdriver properties
2018-04-19 21:18:03 INFO  BaseFixture:22 - Started loading element properties
2018-04-19 21:18:03 INFO  BaseFixture:33 - Loaded element properties
2018-04-19 21:18:03 INFO  BaseFixture:38 - Started loading webdriver properties
2018-04-19 21:18:03 INFO  BaseFixture:51 - Loaded webdriver properties
2018-04-19 21:18:03 INFO  BaseFixture:22 - Started loading element properties
2018-04-19 21:18:03 INFO  BaseFixture:33 - Loaded element properties
2018-04-19 21:18:03 INFO  BaseFixture:38 - Started loading webdriver properties
2018-04-19 21:18:03 INFO  BaseFixture:51 - Loaded webdriver properties
2018-04-19 21:18:03 INFO  BaseFixture:22 - Started loading element properties
2018-04-19 21:18:03 INFO  BaseFixture:33 - Loaded element properties
2018-04-19 21:18:03 INFO  BaseFixture:9 - Quitting webdriver
2018-04-19 21:18:56 INFO  BaseFixture:38 - Started loading webdriver properties
2018-04-19 21:18:56 INFO  BaseFixture:51 - Loaded webdriver properties
2018-04-19 21:18:56 INFO  BaseFixture:22 - Started loading element properties
2018-04-19 21:18:56 INFO  BaseFixture:33 - Loaded element properties
2018-04-19 21:18:56 INFO  Initialize:34 - Found webdriver [chrome]. Launching chrome browser
2018-04-19 21:19:00 INFO  Initialize:43 - Launching demoQA website
2018-04-19 21:19:10 INFO  BaseFixture:38 - Started loading webdriver properties
2018-04-19 21:19:10 INFO  BaseFixture:51 - Loaded webdriver properties
2018-04-19 21:19:10 INFO  BaseFixture:22 - Started loading element properties
2018-04-19 21:19:10 INFO  BaseFixture:33 - Loaded element properties
2018-04-19 21:19:10 INFO  BaseFixture:38 - Started loading webdriver properties
2018-04-19 21:19:10 INFO  BaseFixture:51 - Loaded webdriver properties
2018-04-19 21:19:10 INFO  BaseFixture:22 - Started loading element properties
2018-04-19 21:19:10 INFO  BaseFixture:33 - Loaded element properties
2018-04-19 21:19:10 INFO  BaseFixture:38 - Started loading webdriver properties
2018-04-19 21:19:10 INFO  BaseFixture:51 - Loaded webdriver properties
2018-04-19 21:19:10 INFO  BaseFixture:22 - Started loading element properties
2018-04-19 21:19:10 INFO  BaseFixture:33 - Loaded element properties
2018-04-19 21:19:10 INFO  BaseFixture:9 - Quitting webdriver
2018-04-19 21:24:20 INFO  BaseFixture:38 - Started loading webdriver properties
2018-04-19 21:24:20 INFO  BaseFixture:51 - Loaded webdriver properties
2018-04-19 21:24:20 INFO  BaseFixture:22 - Started loading element properties
2018-04-19 21:24:20 INFO  BaseFixture:33 - Loaded element properties
2018-04-19 21:24:20 INFO  Initialize:34 - Found webdriver [chrome]. Launching chrome browser
2018-04-19 21:24:23 INFO  Initialize:43 - Launching demoQA website
2018-04-19 21:24:31 INFO  BaseFixture:38 - Started loading webdriver properties
2018-04-19 21:24:31 INFO  BaseFixture:51 - Loaded webdriver properties
2018-04-19 21:24:31 INFO  BaseFixture:22 - Started loading element properties
2018-04-19 21:24:31 INFO  BaseFixture:33 - Loaded element properties
2018-04-19 21:24:31 INFO  BaseFixture:38 - Started loading webdriver properties
2018-04-19 21:24:31 INFO  BaseFixture:51 - Loaded webdriver properties
2018-04-19 21:24:31 INFO  BaseFixture:22 - Started loading element properties
2018-04-19 21:24:31 INFO  BaseFixture:33 - Loaded element properties
2018-04-19 21:24:31 INFO  BaseFixture:38 - Started loading webdriver properties
2018-04-19 21:24:31 INFO  BaseFixture:51 - Loaded webdriver properties
2018-04-19 21:24:31 INFO  BaseFixture:22 - Started loading element properties
2018-04-19 21:24:31 INFO  BaseFixture:33 - Loaded element properties
2018-04-19 21:24:31 INFO  BaseFixture:9 - Quitting webdriver
2018-04-19 21:29:16 INFO  BaseFixture:38 - Started loading webdriver properties
2018-04-19 21:29:16 INFO  BaseFixture:51 - Loaded webdriver properties
2018-04-19 21:29:16 INFO  BaseFixture:22 - Started loading element properties
2018-04-19 21:29:16 INFO  BaseFixture:33 - Loaded element properties
2018-04-19 21:29:16 INFO  Initialize:34 - Found webdriver [chrome]. Launching chrome browser
2018-04-19 21:29:20 INFO  Initialize:43 - Launching demoQA website
2018-04-19 21:29:28 INFO  BaseFixture:38 - Started loading webdriver properties
2018-04-19 21:29:28 INFO  BaseFixture:51 - Loaded webdriver properties
2018-04-19 21:29:28 INFO  BaseFixture:22 - Started loading element properties
2018-04-19 21:29:28 INFO  BaseFixture:33 - Loaded element properties
2018-04-19 21:29:28 INFO  BaseFixture:38 - Started loading webdriver properties
2018-04-19 21:29:28 INFO  BaseFixture:51 - Loaded webdriver properties
2018-04-19 21:29:28 INFO  BaseFixture:22 - Started loading element properties
2018-04-19 21:29:28 INFO  BaseFixture:33 - Loaded element properties
2018-04-19 21:29:28 INFO  BaseFixture:38 - Started loading webdriver properties
2018-04-19 21:29:28 INFO  BaseFixture:51 - Loaded webdriver properties
2018-04-19 21:29:28 INFO  BaseFixture:22 - Started loading element properties
2018-04-19 21:29:28 INFO  BaseFixture:33 - Loaded element properties
2018-04-19 21:29:28 INFO  BaseFixture:9 - Quitting webdriver
2018-04-19 21:30:18 INFO  BaseFixture:38 - Started loading webdriver properties
2018-04-19 21:30:18 INFO  BaseFixture:51 - Loaded webdriver properties
2018-04-19 21:30:18 INFO  BaseFixture:22 - Started loading element properties
2018-04-19 21:30:18 INFO  BaseFixture:33 - Loaded element properties
2018-04-19 21:30:18 INFO  Initialize:34 - Found webdriver [chrome]. Launching chrome browser
2018-04-19 21:30:21 INFO  Initialize:43 - Launching demoQA website
2018-04-19 21:30:40 INFO  BaseFixture:38 - Started loading webdriver properties
2018-04-19 21:30:40 INFO  BaseFixture:51 - Loaded webdriver properties
2018-04-19 21:30:40 INFO  BaseFixture:22 - Started loading element properties
2018-04-19 21:30:40 INFO  BaseFixture:33 - Loaded element properties
2018-04-19 21:30:40 INFO  BaseFixture:38 - Started loading webdriver properties
2018-04-19 21:30:40 INFO  BaseFixture:51 - Loaded webdriver properties
2018-04-19 21:30:40 INFO  BaseFixture:22 - Started loading element properties
2018-04-19 21:30:40 INFO  BaseFixture:33 - Loaded element properties
2018-04-19 21:30:40 INFO  BaseFixture:38 - Started loading webdriver properties
2018-04-19 21:30:40 INFO  BaseFixture:51 - Loaded webdriver properties
2018-04-19 21:30:40 INFO  BaseFixture:22 - Started loading element properties
2018-04-19 21:30:40 INFO  BaseFixture:33 - Loaded element properties
2018-04-19 21:30:40 INFO  BaseFixture:9 - Quitting webdriver
2018-04-19 21:32:38 INFO  BaseFixture:38 - Started loading webdriver properties
2018-04-19 21:32:38 INFO  BaseFixture:51 - Loaded webdriver properties
2018-04-19 21:32:38 INFO  BaseFixture:22 - Started loading element properties
2018-04-19 21:32:38 INFO  BaseFixture:33 - Loaded element properties
2018-04-19 21:32:38 INFO  Initialize:34 - Found webdriver [chrome]. Launching chrome browser
2018-04-19 21:32:41 INFO  Initialize:43 - Launching demoQA website
2018-04-19 21:32:54 INFO  BaseFixture:38 - Started loading webdriver properties
2018-04-19 21:32:54 INFO  BaseFixture:51 - Loaded webdriver properties
2018-04-19 21:32:54 INFO  BaseFixture:22 - Started loading element properties
2018-04-19 21:32:54 INFO  BaseFixture:33 - Loaded element properties
2018-04-19 21:32:54 INFO  BaseFixture:38 - Started loading webdriver properties
2018-04-19 21:32:54 INFO  BaseFixture:51 - Loaded webdriver properties
2018-04-19 21:32:54 INFO  BaseFixture:22 - Started loading element properties
2018-04-19 21:32:54 INFO  BaseFixture:33 - Loaded element properties
2018-04-19 21:32:54 INFO  QuitDriver:13 - Quitting webdriver
2018-04-19 21:34:52 INFO  BaseFixture:38 - Started loading webdriver properties
2018-04-19 21:34:52 INFO  BaseFixture:51 - Loaded webdriver properties
2018-04-19 21:34:52 INFO  BaseFixture:22 - Started loading element properties
2018-04-19 21:34:52 INFO  BaseFixture:33 - Loaded element properties
2018-04-19 21:34:52 INFO  Initialize:34 - Found webdriver [chrome]. Launching chrome browser
2018-04-19 21:34:56 INFO  Initialize:43 - Launching demoQA website
2018-04-19 21:35:08 INFO  BaseFixture:38 - Started loading webdriver properties
2018-04-19 21:35:08 INFO  BaseFixture:51 - Loaded webdriver properties
2018-04-19 21:35:08 INFO  BaseFixture:22 - Started loading element properties
2018-04-19 21:35:08 INFO  BaseFixture:33 - Loaded element properties
2018-04-19 21:35:08 INFO  QuitDriver:13 - Quitting webdriver
2018-04-19 21:36:16 INFO  BaseFixture:38 - Started loading webdriver properties
2018-04-19 21:36:16 INFO  BaseFixture:51 - Loaded webdriver properties
2018-04-19 21:36:16 INFO  BaseFixture:22 - Started loading element properties
2018-04-19 21:36:16 INFO  BaseFixture:33 - Loaded element properties
2018-04-19 21:36:16 INFO  QuitDriver:13 - Quitting webdriver
2018-04-19 21:36:31 INFO  BaseFixture:38 - Started loading webdriver properties
2018-04-19 21:36:31 INFO  BaseFixture:51 - Loaded webdriver properties
2018-04-19 21:36:31 INFO  BaseFixture:22 - Started loading element properties
2018-04-19 21:36:31 INFO  BaseFixture:33 - Loaded element properties
2018-04-19 21:36:31 INFO  QuitDriver:13 - Quitting webdriver
2018-04-19 21:40:23 INFO  BaseFixture:38 - Started loading webdriver properties
2018-04-19 21:40:23 INFO  BaseFixture:51 - Loaded webdriver properties
2018-04-19 21:40:23 INFO  BaseFixture:22 - Started loading element properties
2018-04-19 21:40:23 INFO  BaseFixture:33 - Loaded element properties
2018-04-19 21:40:23 INFO  Initialize:34 - Found webdriver [chrome]. Launching chrome browser
2018-04-19 21:40:26 INFO  Initialize:43 - Launching demoQA website
2018-04-19 21:40:37 INFO  BaseFixture:38 - Started loading webdriver properties
2018-04-19 21:40:37 INFO  BaseFixture:51 - Loaded webdriver properties
2018-04-19 21:40:37 INFO  BaseFixture:22 - Started loading element properties
2018-04-19 21:40:37 INFO  BaseFixture:33 - Loaded element properties
2018-04-19 21:40:37 INFO  QuitDriver:13 - Quitting webdriver
2018-04-19 21:44:09 INFO  BaseFixture:38 - Started loading webdriver properties
2018-04-19 21:44:09 INFO  BaseFixture:51 - Loaded webdriver properties
2018-04-19 21:44:09 INFO  BaseFixture:22 - Started loading element properties
2018-04-19 21:44:09 INFO  BaseFixture:33 - Loaded element properties
2018-04-19 21:44:09 INFO  Initialize:34 - Found webdriver [chrome]. Launching chrome browser
2018-04-19 21:44:12 INFO  Initialize:43 - Launching demoQA website
2018-04-19 21:44:22 INFO  BaseFixture:38 - Started loading webdriver properties
2018-04-19 21:44:22 INFO  BaseFixture:51 - Loaded webdriver properties
2018-04-19 21:44:22 INFO  BaseFixture:22 - Started loading element properties
2018-04-19 21:44:22 INFO  BaseFixture:33 - Loaded element properties
2018-04-19 21:44:22 INFO  QuitDriver:13 - Quitting webdriver
2018-04-19 21:46:28 INFO  BaseFixture:38 - Started loading webdriver properties
2018-04-19 21:46:28 INFO  BaseFixture:51 - Loaded webdriver properties
2018-04-19 21:46:28 INFO  BaseFixture:22 - Started loading element properties
2018-04-19 21:46:28 INFO  BaseFixture:33 - Loaded element properties
2018-04-19 21:46:28 INFO  Initialize:34 - Found webdriver [chrome]. Launching chrome browser
2018-04-19 21:46:31 INFO  Initialize:43 - Launching demoQA website
2018-04-19 21:46:43 INFO  BaseFixture:38 - Started loading webdriver properties
2018-04-19 21:46:43 INFO  BaseFixture:51 - Loaded webdriver properties
2018-04-19 21:46:43 INFO  BaseFixture:22 - Started loading element properties
2018-04-19 21:46:43 INFO  BaseFixture:33 - Loaded element properties
2018-04-19 21:46:43 INFO  QuitDriver:13 - Quitting webdriver
2018-04-19 21:48:25 INFO  BaseFixture:38 - Started loading webdriver properties
2018-04-19 21:48:25 INFO  BaseFixture:51 - Loaded webdriver properties
2018-04-19 21:48:25 INFO  BaseFixture:22 - Started loading element properties
2018-04-19 21:48:25 INFO  BaseFixture:33 - Loaded element properties
2018-04-19 21:48:25 INFO  Initialize:34 - Found webdriver [chrome]. Launching chrome browser
2018-04-19 21:48:30 INFO  Initialize:43 - Launching demoQA website
2018-04-19 21:48:39 INFO  BaseFixture:38 - Started loading webdriver properties
2018-04-19 21:48:39 INFO  BaseFixture:51 - Loaded webdriver properties
2018-04-19 21:48:39 INFO  BaseFixture:22 - Started loading element properties
2018-04-19 21:48:39 INFO  BaseFixture:33 - Loaded element properties
2018-04-19 21:48:39 INFO  Initialize:34 - Found webdriver [chrome]. Launching chrome browser
2018-04-19 21:48:43 INFO  Initialize:43 - Launching demoQA website
2018-04-19 21:48:52 INFO  BaseFixture:38 - Started loading webdriver properties
2018-04-19 21:48:52 INFO  BaseFixture:51 - Loaded webdriver properties
2018-04-19 21:48:52 INFO  BaseFixture:22 - Started loading element properties
2018-04-19 21:48:52 INFO  BaseFixture:33 - Loaded element properties
2018-04-19 21:49:24 INFO  BaseFixture:38 - Started loading webdriver properties
2018-04-19 21:49:24 INFO  BaseFixture:51 - Loaded webdriver properties
2018-04-19 21:49:24 INFO  BaseFixture:22 - Started loading element properties
2018-04-19 21:49:24 INFO  BaseFixture:33 - Loaded element properties
2018-04-19 21:49:24 INFO  Initialize:34 - Found webdriver [chrome]. Launching chrome browser
2018-04-19 21:49:27 INFO  Initialize:43 - Launching demoQA website
2018-04-19 21:49:37 INFO  BaseFixture:38 - Started loading webdriver properties
2018-04-19 21:49:37 INFO  BaseFixture:51 - Loaded webdriver properties
2018-04-19 21:49:37 INFO  BaseFixture:22 - Started loading element properties
2018-04-19 21:49:37 INFO  BaseFixture:33 - Loaded element properties
2018-04-19 21:51:06 INFO  BaseFixture:38 - Started loading webdriver properties
2018-04-19 21:51:06 INFO  BaseFixture:51 - Loaded webdriver properties
2018-04-19 21:51:06 INFO  BaseFixture:22 - Started loading element properties
2018-04-19 21:51:06 INFO  BaseFixture:33 - Loaded element properties
2018-04-19 21:51:35 INFO  Initialize:34 - Found webdriver [chrome]. Launching chrome browser
2018-04-19 21:51:42 INFO  Initialize:43 - Launching demoQA website
2018-04-19 21:56:48 INFO  BaseFixture:38 - Started loading webdriver properties
2018-04-19 21:56:48 INFO  BaseFixture:51 - Loaded webdriver properties
2018-04-19 21:56:48 INFO  BaseFixture:22 - Started loading element properties
2018-04-19 21:56:48 INFO  BaseFixture:33 - Loaded element properties
2018-04-19 21:56:48 INFO  Initialize:34 - Found webdriver [chrome]. Launching chrome browser
2018-04-19 21:56:54 INFO  Initialize:43 - Launching demoQA website
2018-04-19 21:57:03 INFO  BaseFixture:38 - Started loading webdriver properties
2018-04-19 21:57:03 INFO  BaseFixture:51 - Loaded webdriver properties
2018-04-19 21:57:03 INFO  BaseFixture:22 - Started loading element properties
2018-04-19 21:57:03 INFO  BaseFixture:33 - Loaded element properties
2018-04-19 21:57:04 INFO  OpenRegistrationForm:33 - Opened Registration form
2018-04-19 21:57:04 INFO  QuitDriver:13 - Quitting webdriver
2018-04-19 21:57:13 INFO  BaseFixture:38 - Started loading webdriver properties
2018-04-19 21:57:13 INFO  BaseFixture:51 - Loaded webdriver properties
2018-04-19 21:57:13 INFO  BaseFixture:22 - Started loading element properties
2018-04-19 21:57:13 INFO  BaseFixture:33 - Loaded element properties
2018-04-19 21:57:13 INFO  Initialize:34 - Found webdriver [chrome]. Launching chrome browser
2018-04-19 21:57:16 INFO  Initialize:43 - Launching demoQA website
2018-04-19 21:57:48 INFO  BaseFixture:38 - Started loading webdriver properties
2018-04-19 21:57:48 INFO  BaseFixture:51 - Loaded webdriver properties
2018-04-19 21:57:48 INFO  BaseFixture:22 - Started loading element properties
2018-04-19 21:57:48 INFO  BaseFixture:33 - Loaded element properties
2018-04-19 21:57:49 INFO  OpenRegistrationForm:33 - Opened Registration form
2018-04-19 21:57:50 INFO  BaseFixture:38 - Started loading webdriver properties
2018-04-19 21:57:50 INFO  BaseFixture:51 - Loaded webdriver properties
2018-04-19 21:57:50 INFO  BaseFixture:22 - Started loading element properties
2018-04-19 21:57:50 INFO  BaseFixture:33 - Loaded element properties
2018-04-19 21:57:50 INFO  OpenRegistrationForm:33 - Opened Registration form
2018-04-19 21:57:50 INFO  BaseFixture:38 - Started loading webdriver properties
2018-04-19 21:57:50 INFO  BaseFixture:51 - Loaded webdriver properties
2018-04-19 21:57:50 INFO  BaseFixture:22 - Started loading element properties
2018-04-19 21:57:50 INFO  BaseFixture:33 - Loaded element properties
2018-04-19 21:57:50 INFO  FillRegistrationFormHelperService:20 - Filling Registration form
2018-04-19 21:57:58 INFO  OpenRegistrationForm:39 - Filled Registration form
2018-04-19 21:57:58 INFO  QuitDriver:13 - Quitting webdriver
